[2024-06-06 14:20:04,565] INFO [ControllerEventThread controllerId=0] Starting (kafka.controller.ControllerEventManager$ControllerEventThread)
[2024-06-06 14:20:04,631] INFO [Controller id=0] 0 successfully elected as the controller. Epoch incremented to 1 and epoch zk version is now 1 (kafka.controller.KafkaController)
[2024-06-06 14:20:04,634] INFO [Controller id=0] Creating FeatureZNode at path: /feature with contents: FeatureZNode(2,Enabled,Map()) (kafka.controller.KafkaController)
[2024-06-06 14:20:04,684] INFO [Controller id=0] Registering handlers (kafka.controller.KafkaController)
[2024-06-06 14:20:04,687] INFO [Controller id=0] Deleting log dir event notifications (kafka.controller.KafkaController)
[2024-06-06 14:20:04,690] INFO [Controller id=0] Deleting isr change notifications (kafka.controller.KafkaController)
[2024-06-06 14:20:04,692] INFO [Controller id=0] Initializing controller context (kafka.controller.KafkaController)
[2024-06-06 14:20:04,714] INFO [Controller id=0] Initialized broker epochs cache: Map(0 -> 26) (kafka.controller.KafkaController)
[2024-06-06 14:20:04,720] DEBUG [Controller id=0] Register BrokerModifications handler for Set(0) (kafka.controller.KafkaController)
[2024-06-06 14:20:04,726] DEBUG [Channel manager on controller 0]: Controller 0 trying to connect to broker 0 (kafka.controller.ControllerChannelManager)
[2024-06-06 14:20:04,732] INFO [RequestSendThread controllerId=0] Starting (kafka.controller.RequestSendThread)
[2024-06-06 14:20:04,733] INFO [Controller id=0] Currently active brokers in the cluster: Set(0) (kafka.controller.KafkaController)
[2024-06-06 14:20:04,733] INFO [Controller id=0] Currently shutting brokers in the cluster: Set() (kafka.controller.KafkaController)
[2024-06-06 14:20:04,733] INFO [Controller id=0] Current list of topics in the cluster: Set() (kafka.controller.KafkaController)
[2024-06-06 14:20:04,734] INFO [Controller id=0] Fetching topic deletions in progress (kafka.controller.KafkaController)
[2024-06-06 14:20:04,736] INFO [Controller id=0] List of topics to be deleted:  (kafka.controller.KafkaController)
[2024-06-06 14:20:04,736] INFO [Controller id=0] List of topics ineligible for deletion:  (kafka.controller.KafkaController)
[2024-06-06 14:20:04,736] INFO [Controller id=0] Initializing topic deletion manager (kafka.controller.KafkaController)
[2024-06-06 14:20:04,737] INFO [Topic Deletion Manager 0] Initializing manager with initial deletions: Set(), initial ineligible deletions: Set() (kafka.controller.TopicDeletionManager)
[2024-06-06 14:20:04,737] INFO [Controller id=0] Sending update metadata request (kafka.controller.KafkaController)
[2024-06-06 14:20:04,749] INFO [ReplicaStateMachine controllerId=0] Initializing replica state (kafka.controller.ZkReplicaStateMachine)
[2024-06-06 14:20:04,749] INFO [ReplicaStateMachine controllerId=0] Triggering online replica state changes (kafka.controller.ZkReplicaStateMachine)
[2024-06-06 14:20:04,752] INFO [ReplicaStateMachine controllerId=0] Triggering offline replica state changes (kafka.controller.ZkReplicaStateMachine)
[2024-06-06 14:20:04,752] DEBUG [ReplicaStateMachine controllerId=0] Started replica state machine with initial state -> Map() (kafka.controller.ZkReplicaStateMachine)
[2024-06-06 14:20:04,753] INFO [PartitionStateMachine controllerId=0] Initializing partition state (kafka.controller.ZkPartitionStateMachine)
[2024-06-06 14:20:04,754] INFO [PartitionStateMachine controllerId=0] Triggering online partition state changes (kafka.controller.ZkPartitionStateMachine)
[2024-06-06 14:20:04,758] DEBUG [PartitionStateMachine controllerId=0] Started partition state machine with initial state -> Map() (kafka.controller.ZkPartitionStateMachine)
[2024-06-06 14:20:04,758] INFO [Controller id=0] Ready to serve as the new controller with epoch 1 (kafka.controller.KafkaController)
[2024-06-06 14:20:04,770] WARN [RequestSendThread controllerId=0] Controller 0's connection to broker andrewscbookpro.lan:9092 (id: 0 rack: null) was unsuccessful (kafka.controller.RequestSendThread)
java.io.IOException: Connection to andrewscbookpro.lan:9092 (id: 0 rack: null) failed.
	at org.apache.kafka.clients.NetworkClientUtils.awaitReady(NetworkClientUtils.java:71)
	at kafka.controller.RequestSendThread.brokerReady(ControllerChannelManager.scala:298)
	at kafka.controller.RequestSendThread.doWork(ControllerChannelManager.scala:251)
	at org.apache.kafka.server.util.ShutdownableThread.run(ShutdownableThread.java:131)
[2024-06-06 14:20:04,781] INFO [Controller id=0] Partitions undergoing preferred replica election:  (kafka.controller.KafkaController)
[2024-06-06 14:20:04,781] INFO [Controller id=0] Partitions that completed preferred replica election:  (kafka.controller.KafkaController)
[2024-06-06 14:20:04,781] INFO [Controller id=0] Skipping preferred replica election for partitions due to topic deletion:  (kafka.controller.KafkaController)
[2024-06-06 14:20:04,781] INFO [Controller id=0] Resuming preferred replica election for partitions:  (kafka.controller.KafkaController)
[2024-06-06 14:20:04,782] INFO [Controller id=0] Starting replica leader election (PREFERRED) for partitions  triggered by ZkTriggered (kafka.controller.KafkaController)
[2024-06-06 14:20:04,812] INFO [Controller id=0] Starting the controller scheduler (kafka.controller.KafkaController)
[2024-06-06 14:20:04,886] INFO [RequestSendThread controllerId=0] Controller 0 connected to andrewscbookpro.lan:9092 (id: 0 rack: null) for sending state change requests (kafka.controller.RequestSendThread)
[2024-06-06 14:20:09,816] INFO [Controller id=0] Processing automatic preferred replica leader election (kafka.controller.KafkaController)
[2024-06-06 14:20:09,816] TRACE [Controller id=0] Checking need to trigger auto leader balancing (kafka.controller.KafkaController)
[2024-06-06 14:20:31,781] INFO [Controller id=0] New topics: [Set(first-topic)], deleted topics: [Set()], new partition replica assignment [Set(TopicIdReplicaAssignment(first-topic,Some(mgr0HrjgQxCxaIoF9pN2Jg),Map(first-topic-0 -> ReplicaAssignment(replicas=0, addingReplicas=, removingReplicas=))))] (kafka.controller.KafkaController)
[2024-06-06 14:20:31,782] INFO [Controller id=0] New partition creation callback for first-topic-0 (kafka.controller.KafkaController)
[2024-06-06 14:20:49,718] DEBUG [Controller id=0] There is no producerId block yet (Zk path version 0), creating the first block (kafka.controller.KafkaController)
[2024-06-06 14:20:49,741] INFO [Controller id=0] Acquired new producerId block ProducerIdsBlock(assignedBrokerId=0, firstProducerId=0, size=1000) by writing to Zk with path version 1 (kafka.controller.KafkaController)
[2024-06-06 14:21:23,813] INFO [Controller id=0] New topics: [Set(__consumer_offsets)], deleted topics: [Set()], new partition replica assignment [Set(TopicIdReplicaAssignment(__consumer_offsets,Some(1H5pnL6mTOy6XH19FReUpA),Map(__consumer_offsets-22 -> ReplicaAssignment(replicas=0, addingReplicas=, removingReplicas=), __consumer_offsets-30 -> ReplicaAssignment(replicas=0, addingReplicas=, removingReplicas=), __consumer_offsets-8 -> ReplicaAssignment(replicas=0, addingReplicas=, removingReplicas=), __consumer_offsets-21 -> ReplicaAssignment(replicas=0, addingReplicas=, removingReplicas=), __consumer_offsets-4 -> ReplicaAssignment(replicas=0, addingReplicas=, removingReplicas=), __consumer_offsets-27 -> ReplicaAssignment(replicas=0, addingReplicas=, removingReplicas=), __consumer_offsets-7 -> ReplicaAssignment(replicas=0, addingReplicas=, removingReplicas=), __consumer_offsets-9 -> ReplicaAssignment(replicas=0, addingReplicas=, removingReplicas=), __consumer_offsets-46 -> ReplicaAssignment(replicas=0, addingReplicas=, removingReplicas=), __consumer_offsets-25 -> ReplicaAssignment(replicas=0, addingReplicas=, removingReplicas=), __consumer_offsets-35 -> ReplicaAssignment(replicas=0, addingReplicas=, removingReplicas=), __consumer_offsets-41 -> ReplicaAssignment(replicas=0, addingReplicas=, removingReplicas=), __consumer_offsets-33 -> ReplicaAssignment(replicas=0, addingReplicas=, removingReplicas=), __consumer_offsets-23 -> ReplicaAssignment(replicas=0, addingReplicas=, removingReplicas=), __consumer_offsets-49 -> ReplicaAssignment(replicas=0, addingReplicas=, removingReplicas=), __consumer_offsets-47 -> ReplicaAssignment(replicas=0, addingReplicas=, removingReplicas=), __consumer_offsets-16 -> ReplicaAssignment(replicas=0, addingReplicas=, removingReplicas=), __consumer_offsets-28 -> ReplicaAssignment(replicas=0, addingReplicas=, removingReplicas=), __consumer_offsets-31 -> ReplicaAssignment(replicas=0, addingReplicas=, removingReplicas=), __consumer_offsets-36 -> ReplicaAssignment(replicas=0, addingReplicas=, removingReplicas=), __consumer_offsets-42 -> ReplicaAssignment(replicas=0, addingReplicas=, removingReplicas=), __consumer_offsets-3 -> ReplicaAssignment(replicas=0, addingReplicas=, removingReplicas=), __consumer_offsets-18 -> ReplicaAssignment(replicas=0, addingReplicas=, removingReplicas=), __consumer_offsets-37 -> ReplicaAssignment(replicas=0, addingReplicas=, removingReplicas=), __consumer_offsets-15 -> ReplicaAssignment(replicas=0, addingReplicas=, removingReplicas=), __consumer_offsets-24 -> ReplicaAssignment(replicas=0, addingReplicas=, removingReplicas=), __consumer_offsets-38 -> ReplicaAssignment(replicas=0, addingReplicas=, removingReplicas=), __consumer_offsets-17 -> ReplicaAssignment(replicas=0, addingReplicas=, removingReplicas=), __consumer_offsets-48 -> ReplicaAssignment(replicas=0, addingReplicas=, removingReplicas=), __consumer_offsets-19 -> ReplicaAssignment(replicas=0, addingReplicas=, removingReplicas=), __consumer_offsets-11 -> ReplicaAssignment(replicas=0, addingReplicas=, removingReplicas=), __consumer_offsets-13 -> ReplicaAssignment(replicas=0, addingReplicas=, removingReplicas=), __consumer_offsets-2 -> ReplicaAssignment(replicas=0, addingReplicas=, removingReplicas=), __consumer_offsets-43 -> ReplicaAssignment(replicas=0, addingReplicas=, removingReplicas=), __consumer_offsets-6 -> ReplicaAssignment(replicas=0, addingReplicas=, removingReplicas=), __consumer_offsets-14 -> ReplicaAssignment(replicas=0, addingReplicas=, removingReplicas=), __consumer_offsets-20 -> ReplicaAssignment(replicas=0, addingReplicas=, removingReplicas=), __consumer_offsets-0 -> ReplicaAssignment(replicas=0, addingReplicas=, removingReplicas=), __consumer_offsets-44 -> ReplicaAssignment(replicas=0, addingReplicas=, removingReplicas=), __consumer_offsets-39 -> ReplicaAssignment(replicas=0, addingReplicas=, removingReplicas=), __consumer_offsets-12 -> ReplicaAssignment(replicas=0, addingReplicas=, removingReplicas=), __consumer_offsets-45 -> ReplicaAssignment(replicas=0, addingReplicas=, removingReplicas=), __consumer_offsets-1 -> ReplicaAssignment(replicas=0, addingReplicas=, removingReplicas=), __consumer_offsets-5 -> ReplicaAssignment(replicas=0, addingReplicas=, removingReplicas=), __consumer_offsets-26 -> ReplicaAssignment(replicas=0, addingReplicas=, removingReplicas=), __consumer_offsets-29 -> ReplicaAssignment(replicas=0, addingReplicas=, removingReplicas=), __consumer_offsets-34 -> ReplicaAssignment(replicas=0, addingReplicas=, removingReplicas=), __consumer_offsets-10 -> ReplicaAssignment(replicas=0, addingReplicas=, removingReplicas=), __consumer_offsets-32 -> ReplicaAssignment(replicas=0, addingReplicas=, removingReplicas=), __consumer_offsets-40 -> ReplicaAssignment(replicas=0, addingReplicas=, removingReplicas=))))] (kafka.controller.KafkaController)
[2024-06-06 14:21:23,813] INFO [Controller id=0] New partition creation callback for __consumer_offsets-22,__consumer_offsets-30,__consumer_offsets-8,__consumer_offsets-21,__consumer_offsets-4,__consumer_offsets-27,__consumer_offsets-7,__consumer_offsets-9,__consumer_offsets-46,__consumer_offsets-25,__consumer_offsets-35,__consumer_offsets-41,__consumer_offsets-33,__consumer_offsets-23,__consumer_offsets-49,__consumer_offsets-47,__consumer_offsets-16,__consumer_offsets-28,__consumer_offsets-31,__consumer_offsets-36,__consumer_offsets-42,__consumer_offsets-3,__consumer_offsets-18,__consumer_offsets-37,__consumer_offsets-15,__consumer_offsets-24,__consumer_offsets-38,__consumer_offsets-17,__consumer_offsets-48,__consumer_offsets-19,__consumer_offsets-11,__consumer_offsets-13,__consumer_offsets-2,__consumer_offsets-43,__consumer_offsets-6,__consumer_offsets-14,__consumer_offsets-20,__consumer_offsets-0,__consumer_offsets-44,__consumer_offsets-39,__consumer_offsets-12,__consumer_offsets-45,__consumer_offsets-1,__consumer_offsets-5,__consumer_offsets-26,__consumer_offsets-29,__consumer_offsets-34,__consumer_offsets-10,__consumer_offsets-32,__consumer_offsets-40 (kafka.controller.KafkaController)
[2024-06-06 14:26:03,792] INFO [ControllerEventThread controllerId=0] Starting (kafka.controller.ControllerEventManager$ControllerEventThread)
[2024-06-06 14:26:03,837] INFO [Controller id=0] 0 successfully elected as the controller. Epoch incremented to 2 and epoch zk version is now 2 (kafka.controller.KafkaController)
[2024-06-06 14:26:03,839] INFO [Controller id=0] Registering handlers (kafka.controller.KafkaController)
[2024-06-06 14:26:03,843] INFO [Controller id=0] Deleting log dir event notifications (kafka.controller.KafkaController)
[2024-06-06 14:26:03,846] INFO [Controller id=0] Deleting isr change notifications (kafka.controller.KafkaController)
[2024-06-06 14:26:03,848] INFO [Controller id=0] Initializing controller context (kafka.controller.KafkaController)
[2024-06-06 14:26:03,862] INFO [Controller id=0] Initialized broker epochs cache: Map(0 -> 159) (kafka.controller.KafkaController)
[2024-06-06 14:26:03,878] DEBUG [Controller id=0] Register BrokerModifications handler for Set(0) (kafka.controller.KafkaController)
[2024-06-06 14:26:03,910] DEBUG [Channel manager on controller 0]: Controller 0 trying to connect to broker 0 (kafka.controller.ControllerChannelManager)
[2024-06-06 14:26:03,915] INFO [RequestSendThread controllerId=0] Starting (kafka.controller.RequestSendThread)
[2024-06-06 14:26:03,915] INFO [Controller id=0] Currently active brokers in the cluster: Set(0) (kafka.controller.KafkaController)
[2024-06-06 14:26:03,916] INFO [Controller id=0] Currently shutting brokers in the cluster: Set() (kafka.controller.KafkaController)
[2024-06-06 14:26:03,916] INFO [Controller id=0] Current list of topics in the cluster: Set(__consumer_offsets, first-topic) (kafka.controller.KafkaController)
[2024-06-06 14:26:03,916] INFO [Controller id=0] Fetching topic deletions in progress (kafka.controller.KafkaController)
[2024-06-06 14:26:03,923] INFO [Controller id=0] List of topics to be deleted:  (kafka.controller.KafkaController)
[2024-06-06 14:26:03,923] INFO [Controller id=0] List of topics ineligible for deletion:  (kafka.controller.KafkaController)
[2024-06-06 14:26:03,923] INFO [Controller id=0] Initializing topic deletion manager (kafka.controller.KafkaController)
[2024-06-06 14:26:03,923] INFO [Topic Deletion Manager 0] Initializing manager with initial deletions: Set(), initial ineligible deletions: Set() (kafka.controller.TopicDeletionManager)
[2024-06-06 14:26:03,924] INFO [Controller id=0] Sending update metadata request (kafka.controller.KafkaController)
[2024-06-06 14:26:03,935] INFO [ReplicaStateMachine controllerId=0] Initializing replica state (kafka.controller.ZkReplicaStateMachine)
[2024-06-06 14:26:03,940] INFO [ReplicaStateMachine controllerId=0] Triggering online replica state changes (kafka.controller.ZkReplicaStateMachine)
[2024-06-06 14:26:03,944] WARN [RequestSendThread controllerId=0] Controller 0's connection to broker andrewscbookpro.lan:9092 (id: 0 rack: null) was unsuccessful (kafka.controller.RequestSendThread)
java.io.IOException: Connection to andrewscbookpro.lan:9092 (id: 0 rack: null) failed.
	at org.apache.kafka.clients.NetworkClientUtils.awaitReady(NetworkClientUtils.java:71)
	at kafka.controller.RequestSendThread.brokerReady(ControllerChannelManager.scala:298)
	at kafka.controller.RequestSendThread.doWork(ControllerChannelManager.scala:251)
	at org.apache.kafka.server.util.ShutdownableThread.run(ShutdownableThread.java:131)
[2024-06-06 14:26:03,973] INFO [ReplicaStateMachine controllerId=0] Triggering offline replica state changes (kafka.controller.ZkReplicaStateMachine)
[2024-06-06 14:26:03,973] DEBUG [ReplicaStateMachine controllerId=0] Started replica state machine with initial state -> Map([Topic=__consumer_offsets,Partition=21,Replica=0] -> OnlineReplica, [Topic=__consumer_offsets,Partition=42,Replica=0] -> OnlineReplica, [Topic=__consumer_offsets,Partition=46,Replica=0] -> OnlineReplica, [Topic=first-topic,Partition=0,Replica=0] -> OnlineReplica, [Topic=__consumer_offsets,Partition=39,Replica=0] -> OnlineReplica, [Topic=__consumer_offsets,Partition=7,Replica=0] -> OnlineReplica, [Topic=__consumer_offsets,Partition=13,Replica=0] -> OnlineReplica, [Topic=__consumer_offsets,Partition=49,Replica=0] -> OnlineReplica, [Topic=__consumer_offsets,Partition=48,Replica=0] -> OnlineReplica, [Topic=__consumer_offsets,Partition=15,Replica=0] -> OnlineReplica, [Topic=__consumer_offsets,Partition=38,Replica=0] -> OnlineReplica, [Topic=__consumer_offsets,Partition=2,Replica=0] -> OnlineReplica, [Topic=__consumer_offsets,Partition=28,Replica=0] -> OnlineReplica, [Topic=__consumer_offsets,Partition=23,Replica=0] -> OnlineReplica, [Topic=__consumer_offsets,Partition=32,Replica=0] -> OnlineReplica, [Topic=__consumer_offsets,Partition=10,Replica=0] -> OnlineReplica, [Topic=__consumer_offsets,Partition=18,Replica=0] -> OnlineReplica, [Topic=__consumer_offsets,Partition=33,Replica=0] -> OnlineReplica, [Topic=__consumer_offsets,Partition=5,Replica=0] -> OnlineReplica, [Topic=__consumer_offsets,Partition=17,Replica=0] -> OnlineReplica, [Topic=__consumer_offsets,Partition=8,Replica=0] -> OnlineReplica, [Topic=__consumer_offsets,Partition=19,Replica=0] -> OnlineReplica, [Topic=__consumer_offsets,Partition=37,Replica=0] -> OnlineReplica, [Topic=__consumer_offsets,Partition=43,Replica=0] -> OnlineReplica, [Topic=__consumer_offsets,Partition=6,Replica=0] -> OnlineReplica, [Topic=__consumer_offsets,Partition=9,Replica=0] -> OnlineReplica, [Topic=__consumer_offsets,Partition=3,Replica=0] -> OnlineReplica, [Topic=__consumer_offsets,Partition=30,Replica=0] -> OnlineReplica, [Topic=__consumer_offsets,Partition=25,Replica=0] -> OnlineReplica, [Topic=__consumer_offsets,Partition=47,Replica=0] -> OnlineReplica, [Topic=__consumer_offsets,Partition=36,Replica=0] -> OnlineReplica, [Topic=__consumer_offsets,Partition=11,Replica=0] -> OnlineReplica, [Topic=__consumer_offsets,Partition=34,Replica=0] -> OnlineReplica, [Topic=__consumer_offsets,Partition=27,Replica=0] -> OnlineReplica, [Topic=__consumer_offsets,Partition=12,Replica=0] -> OnlineReplica, [Topic=__consumer_offsets,Partition=44,Replica=0] -> OnlineReplica, [Topic=__consumer_offsets,Partition=1,Replica=0] -> OnlineReplica, [Topic=__consumer_offsets,Partition=45,Replica=0] -> OnlineReplica, [Topic=__consumer_offsets,Partition=24,Replica=0] -> OnlineReplica, [Topic=__consumer_offsets,Partition=22,Replica=0] -> OnlineReplica, [Topic=__consumer_offsets,Partition=0,Replica=0] -> OnlineReplica, [Topic=__consumer_offsets,Partition=31,Replica=0] -> OnlineReplica, [Topic=__consumer_offsets,Partition=14,Replica=0] -> OnlineReplica, [Topic=__consumer_offsets,Partition=40,Replica=0] -> OnlineReplica, [Topic=__consumer_offsets,Partition=4,Replica=0] -> OnlineReplica, [Topic=__consumer_offsets,Partition=20,Replica=0] -> OnlineReplica, [Topic=__consumer_offsets,Partition=41,Replica=0] -> OnlineReplica, [Topic=__consumer_offsets,Partition=26,Replica=0] -> OnlineReplica, [Topic=__consumer_offsets,Partition=29,Replica=0] -> OnlineReplica, [Topic=__consumer_offsets,Partition=16,Replica=0] -> OnlineReplica, [Topic=__consumer_offsets,Partition=35,Replica=0] -> OnlineReplica) (kafka.controller.ZkReplicaStateMachine)
[2024-06-06 14:26:03,974] INFO [PartitionStateMachine controllerId=0] Initializing partition state (kafka.controller.ZkPartitionStateMachine)
[2024-06-06 14:26:03,977] INFO [PartitionStateMachine controllerId=0] Triggering online partition state changes (kafka.controller.ZkPartitionStateMachine)
[2024-06-06 14:26:03,979] DEBUG [PartitionStateMachine controllerId=0] Started partition state machine with initial state -> Map(__consumer_offsets-49 -> OnlinePartition, __consumer_offsets-38 -> OnlinePartition, __consumer_offsets-16 -> OnlinePartition, __consumer_offsets-27 -> OnlinePartition, __consumer_offsets-8 -> OnlinePartition, __consumer_offsets-19 -> OnlinePartition, __consumer_offsets-13 -> OnlinePartition, __consumer_offsets-2 -> OnlinePartition, __consumer_offsets-46 -> OnlinePartition, __consumer_offsets-35 -> OnlinePartition, __consumer_offsets-24 -> OnlinePartition, __consumer_offsets-5 -> OnlinePartition, __consumer_offsets-43 -> OnlinePartition, __consumer_offsets-32 -> OnlinePartition, __consumer_offsets-21 -> OnlinePartition, __consumer_offsets-10 -> OnlinePartition, __consumer_offsets-37 -> OnlinePartition, __consumer_offsets-48 -> OnlinePartition, __consumer_offsets-40 -> OnlinePartition, __consumer_offsets-18 -> OnlinePartition, __consumer_offsets-29 -> OnlinePartition, __consumer_offsets-7 -> OnlinePartition, __consumer_offsets-23 -> OnlinePartition, __consumer_offsets-45 -> OnlinePartition, __consumer_offsets-34 -> OnlinePartition, __consumer_offsets-26 -> OnlinePartition, __consumer_offsets-15 -> OnlinePartition, __consumer_offsets-4 -> OnlinePartition, __consumer_offsets-42 -> OnlinePartition, __consumer_offsets-31 -> OnlinePartition, __consumer_offsets-9 -> OnlinePartition, __consumer_offsets-20 -> OnlinePartition, __consumer_offsets-12 -> OnlinePartition, __consumer_offsets-1 -> OnlinePartition, __consumer_offsets-28 -> OnlinePartition, __consumer_offsets-17 -> OnlinePartition, __consumer_offsets-6 -> OnlinePartition, __consumer_offsets-39 -> OnlinePartition, __consumer_offsets-44 -> OnlinePartition, __consumer_offsets-36 -> OnlinePartition, __consumer_offsets-47 -> OnlinePartition, __consumer_offsets-3 -> OnlinePartition, __consumer_offsets-25 -> OnlinePartition, __consumer_offsets-14 -> OnlinePartition, first-topic-0 -> OnlinePartition, __consumer_offsets-30 -> OnlinePartition, __consumer_offsets-41 -> OnlinePartition, __consumer_offsets-22 -> OnlinePartition, __consumer_offsets-33 -> OnlinePartition, __consumer_offsets-11 -> OnlinePartition, __consumer_offsets-0 -> OnlinePartition) (kafka.controller.ZkPartitionStateMachine)
[2024-06-06 14:26:03,979] INFO [Controller id=0] Ready to serve as the new controller with epoch 2 (kafka.controller.KafkaController)
[2024-06-06 14:26:03,983] INFO [Controller id=0] Partitions undergoing preferred replica election:  (kafka.controller.KafkaController)
[2024-06-06 14:26:03,984] INFO [Controller id=0] Partitions that completed preferred replica election:  (kafka.controller.KafkaController)
[2024-06-06 14:26:03,984] INFO [Controller id=0] Skipping preferred replica election for partitions due to topic deletion:  (kafka.controller.KafkaController)
[2024-06-06 14:26:03,984] INFO [Controller id=0] Resuming preferred replica election for partitions:  (kafka.controller.KafkaController)
[2024-06-06 14:26:03,986] INFO [Controller id=0] Starting replica leader election (PREFERRED) for partitions  triggered by ZkTriggered (kafka.controller.KafkaController)
[2024-06-06 14:26:04,019] INFO [Controller id=0] Starting the controller scheduler (kafka.controller.KafkaController)
[2024-06-06 14:26:04,049] INFO [RequestSendThread controllerId=0] Controller 0 connected to andrewscbookpro.lan:9092 (id: 0 rack: null) for sending state change requests (kafka.controller.RequestSendThread)
[2024-06-06 14:26:09,025] INFO [Controller id=0] Processing automatic preferred replica leader election (kafka.controller.KafkaController)
[2024-06-06 14:26:09,025] TRACE [Controller id=0] Checking need to trigger auto leader balancing (kafka.controller.KafkaController)
[2024-06-06 14:26:09,030] DEBUG [Controller id=0] Topics not in preferred replica for broker 0 Map() (kafka.controller.KafkaController)
[2024-06-06 14:26:09,031] TRACE [Controller id=0] Leader imbalance ratio for broker 0 is 0.0 (kafka.controller.KafkaController)
[2024-06-06 14:26:32,497] INFO [Controller id=0] New topics: [Set(second-topic)], deleted topics: [Set()], new partition replica assignment [Set(TopicIdReplicaAssignment(second-topic,Some(Ct02CzB_RxSXYWSX2OkhxA),Map(second-topic-0 -> ReplicaAssignment(replicas=0, addingReplicas=, removingReplicas=))))] (kafka.controller.KafkaController)
[2024-06-06 14:26:32,498] INFO [Controller id=0] New partition creation callback for second-topic-0 (kafka.controller.KafkaController)
[2024-06-06 14:31:09,040] INFO [Controller id=0] Processing automatic preferred replica leader election (kafka.controller.KafkaController)
[2024-06-06 14:31:09,040] TRACE [Controller id=0] Checking need to trigger auto leader balancing (kafka.controller.KafkaController)
[2024-06-06 14:31:09,042] DEBUG [Controller id=0] Topics not in preferred replica for broker 0 Map() (kafka.controller.KafkaController)
[2024-06-06 14:31:09,042] TRACE [Controller id=0] Leader imbalance ratio for broker 0 is 0.0 (kafka.controller.KafkaController)
