[2024-06-06T14:26:01.234+0600][gc,heap] Heap region size: 1M
[2024-06-06T14:26:01.241+0600][gc     ] Using G1
[2024-06-06T14:26:01.241+0600][gc,heap,coops] Heap address: 0x00000007c0000000, size: 1024 MB, Compressed Oops mode: Zero based, Oop shift amount: 3
[2024-06-06T14:26:02.030+0600][gc,start     ] GC(0) Pause Young (Concurrent Start) (Metadata GC Threshold)
[2024-06-06T14:26:02.031+0600][gc,task      ] GC(0) Using 13 workers of 13 for evacuation
[2024-06-06T14:26:02.037+0600][gc,phases    ] GC(0)   Pre Evacuate Collection Set: 0.0ms
[2024-06-06T14:26:02.037+0600][gc,phases    ] GC(0)   Evacuate Collection Set: 5.9ms
[2024-06-06T14:26:02.037+0600][gc,phases    ] GC(0)   Post Evacuate Collection Set: 0.3ms
[2024-06-06T14:26:02.037+0600][gc,phases    ] GC(0)   Other: 0.8ms
[2024-06-06T14:26:02.037+0600][gc,heap      ] GC(0) Eden regions: 48->0(44)
[2024-06-06T14:26:02.037+0600][gc,heap      ] GC(0) Survivor regions: 0->7(7)
[2024-06-06T14:26:02.037+0600][gc,heap      ] GC(0) Old regions: 0->1
[2024-06-06T14:26:02.037+0600][gc,heap      ] GC(0) Humongous regions: 0->0
[2024-06-06T14:26:02.037+0600][gc,metaspace ] GC(0) Metaspace: 20671K->20671K(1069056K)
[2024-06-06T14:26:02.037+0600][gc           ] GC(0) Pause Young (Concurrent Start) (Metadata GC Threshold) 47M->7M(1024M) 7.222ms
[2024-06-06T14:26:02.037+0600][gc,cpu       ] GC(0) User=0.02s Sys=0.01s Real=0.00s
[2024-06-06T14:26:02.037+0600][gc           ] GC(1) Concurrent Cycle
[2024-06-06T14:26:02.037+0600][gc,marking   ] GC(1) Concurrent Clear Claimed Marks
[2024-06-06T14:26:02.037+0600][gc,marking   ] GC(1) Concurrent Clear Claimed Marks 0.013ms
[2024-06-06T14:26:02.037+0600][gc,marking   ] GC(1) Concurrent Scan Root Regions
[2024-06-06T14:26:02.039+0600][gc,marking   ] GC(1) Concurrent Scan Root Regions 1.306ms
[2024-06-06T14:26:02.039+0600][gc,marking   ] GC(1) Concurrent Mark (0.812s)
[2024-06-06T14:26:02.039+0600][gc,marking   ] GC(1) Concurrent Mark From Roots
[2024-06-06T14:26:02.039+0600][gc,task      ] GC(1) Using 3 workers of 3 for marking
[2024-06-06T14:26:02.039+0600][gc,marking   ] GC(1) Concurrent Mark From Roots 0.707ms
[2024-06-06T14:26:02.039+0600][gc,marking   ] GC(1) Concurrent Preclean
[2024-06-06T14:26:02.039+0600][gc,marking   ] GC(1) Concurrent Preclean 0.031ms
[2024-06-06T14:26:02.039+0600][gc,marking   ] GC(1) Concurrent Mark (0.812s, 0.812s) 0.788ms
[2024-06-06T14:26:02.039+0600][gc,start     ] GC(1) Pause Remark
[2024-06-06T14:26:02.041+0600][gc,stringtable] GC(1) Cleaned string and symbol table, strings: 7684 processed, 0 removed, symbols: 65173 processed, 41 removed
[2024-06-06T14:26:02.041+0600][gc            ] GC(1) Pause Remark 8M->8M(1024M) 1.975ms
[2024-06-06T14:26:02.042+0600][gc,cpu        ] GC(1) User=0.01s Sys=0.00s Real=0.01s
[2024-06-06T14:26:02.042+0600][gc,marking    ] GC(1) Concurrent Rebuild Remembered Sets
[2024-06-06T14:26:02.042+0600][gc,marking    ] GC(1) Concurrent Rebuild Remembered Sets 0.459ms
[2024-06-06T14:26:02.043+0600][gc,start      ] GC(1) Pause Cleanup
[2024-06-06T14:26:02.043+0600][gc            ] GC(1) Pause Cleanup 8M->8M(1024M) 0.165ms
[2024-06-06T14:26:02.043+0600][gc,cpu        ] GC(1) User=0.00s Sys=0.00s Real=0.00s
[2024-06-06T14:26:02.043+0600][gc,marking    ] GC(1) Concurrent Cleanup for Next Mark
[2024-06-06T14:26:02.048+0600][gc,marking    ] GC(1) Concurrent Cleanup for Next Mark 4.869ms
[2024-06-06T14:26:02.048+0600][gc            ] GC(1) Concurrent Cycle 10.656ms
[2024-06-06T14:26:02.864+0600][gc,start      ] GC(2) Pause Young (Normal) (G1 Evacuation Pause)
[2024-06-06T14:26:02.864+0600][gc,task       ] GC(2) Using 13 workers of 13 for evacuation
[2024-06-06T14:26:02.869+0600][gc,phases     ] GC(2)   Pre Evacuate Collection Set: 0.0ms
[2024-06-06T14:26:02.869+0600][gc,phases     ] GC(2)   Evacuate Collection Set: 4.3ms
[2024-06-06T14:26:02.869+0600][gc,phases     ] GC(2)   Post Evacuate Collection Set: 0.4ms
[2024-06-06T14:26:02.869+0600][gc,phases     ] GC(2)   Other: 0.2ms
[2024-06-06T14:26:02.869+0600][gc,heap       ] GC(2) Eden regions: 44->0(49)
[2024-06-06T14:26:02.869+0600][gc,heap       ] GC(2) Survivor regions: 7->2(7)
[2024-06-06T14:26:02.869+0600][gc,heap       ] GC(2) Old regions: 1->8
[2024-06-06T14:26:02.869+0600][gc,heap       ] GC(2) Humongous regions: 0->0
[2024-06-06T14:26:02.869+0600][gc,metaspace  ] GC(2) Metaspace: 29641K->29641K(1075200K)
[2024-06-06T14:26:02.869+0600][gc            ] GC(2) Pause Young (Normal) (G1 Evacuation Pause) 51M->8M(1024M) 4.973ms
[2024-06-06T14:26:02.869+0600][gc,cpu        ] GC(2) User=0.04s Sys=0.01s Real=0.00s
[2024-06-06T14:26:03.413+0600][gc,start      ] GC(3) Pause Young (Concurrent Start) (Metadata GC Threshold)
[2024-06-06T14:26:03.413+0600][gc,task       ] GC(3) Using 13 workers of 13 for evacuation
[2024-06-06T14:26:03.415+0600][gc,phases     ] GC(3)   Pre Evacuate Collection Set: 0.1ms
[2024-06-06T14:26:03.415+0600][gc,phases     ] GC(3)   Evacuate Collection Set: 1.9ms
[2024-06-06T14:26:03.415+0600][gc,phases     ] GC(3)   Post Evacuate Collection Set: 0.2ms
[2024-06-06T14:26:03.415+0600][gc,phases     ] GC(3)   Other: 0.2ms
[2024-06-06T14:26:03.415+0600][gc,heap       ] GC(3) Eden regions: 34->0(48)
[2024-06-06T14:26:03.415+0600][gc,heap       ] GC(3) Survivor regions: 2->3(7)
[2024-06-06T14:26:03.415+0600][gc,heap       ] GC(3) Old regions: 8->8
[2024-06-06T14:26:03.415+0600][gc,heap       ] GC(3) Humongous regions: 129->129
[2024-06-06T14:26:03.415+0600][gc,metaspace  ] GC(3) Metaspace: 34768K->34768K(1081344K)
[2024-06-06T14:26:03.415+0600][gc            ] GC(3) Pause Young (Concurrent Start) (Metadata GC Threshold) 171M->139M(1024M) 2.435ms
[2024-06-06T14:26:03.415+0600][gc,cpu        ] GC(3) User=0.02s Sys=0.00s Real=0.00s
[2024-06-06T14:26:03.415+0600][gc            ] GC(4) Concurrent Cycle
[2024-06-06T14:26:03.415+0600][gc,marking    ] GC(4) Concurrent Clear Claimed Marks
[2024-06-06T14:26:03.415+0600][gc,marking    ] GC(4) Concurrent Clear Claimed Marks 0.019ms
[2024-06-06T14:26:03.415+0600][gc,marking    ] GC(4) Concurrent Scan Root Regions
[2024-06-06T14:26:03.416+0600][gc,marking    ] GC(4) Concurrent Scan Root Regions 0.851ms
[2024-06-06T14:26:03.416+0600][gc,marking    ] GC(4) Concurrent Mark (2.190s)
[2024-06-06T14:26:03.416+0600][gc,marking    ] GC(4) Concurrent Mark From Roots
[2024-06-06T14:26:03.416+0600][gc,task       ] GC(4) Using 3 workers of 3 for marking
[2024-06-06T14:26:03.419+0600][gc,marking    ] GC(4) Concurrent Mark From Roots 2.470ms
[2024-06-06T14:26:03.419+0600][gc,marking    ] GC(4) Concurrent Preclean
[2024-06-06T14:26:03.419+0600][gc,marking    ] GC(4) Concurrent Preclean 0.057ms
[2024-06-06T14:26:03.419+0600][gc,marking    ] GC(4) Concurrent Mark (2.190s, 2.192s) 2.578ms
[2024-06-06T14:26:03.419+0600][gc,start      ] GC(4) Pause Remark
[2024-06-06T14:26:03.422+0600][gc,stringtable] GC(4) Cleaned string and symbol table, strings: 10993 processed, 11 removed, symbols: 99836 processed, 30 removed
[2024-06-06T14:26:03.422+0600][gc            ] GC(4) Pause Remark 140M->140M(1024M) 2.690ms
[2024-06-06T14:26:03.422+0600][gc,cpu        ] GC(4) User=0.03s Sys=0.00s Real=0.01s
[2024-06-06T14:26:03.422+0600][gc,marking    ] GC(4) Concurrent Rebuild Remembered Sets
[2024-06-06T14:26:03.424+0600][gc,marking    ] GC(4) Concurrent Rebuild Remembered Sets 1.801ms
[2024-06-06T14:26:03.424+0600][gc,start      ] GC(4) Pause Cleanup
[2024-06-06T14:26:03.424+0600][gc            ] GC(4) Pause Cleanup 141M->141M(1024M) 0.173ms
[2024-06-06T14:26:03.424+0600][gc,cpu        ] GC(4) User=0.00s Sys=0.00s Real=0.00s
[2024-06-06T14:26:03.424+0600][gc,marking    ] GC(4) Concurrent Cleanup for Next Mark
[2024-06-06T14:26:03.428+0600][gc,marking    ] GC(4) Concurrent Cleanup for Next Mark 3.775ms
[2024-06-06T14:26:03.428+0600][gc            ] GC(4) Concurrent Cycle 12.611ms
[2024-06-06T14:26:03.799+0600][gc,start      ] GC(5) Pause Young (Normal) (G1 Evacuation Pause)
[2024-06-06T14:26:03.799+0600][gc,task       ] GC(5) Using 13 workers of 13 for evacuation
[2024-06-06T14:26:03.802+0600][gc,phases     ] GC(5)   Pre Evacuate Collection Set: 0.0ms
[2024-06-06T14:26:03.802+0600][gc,phases     ] GC(5)   Evacuate Collection Set: 2.9ms
[2024-06-06T14:26:03.802+0600][gc,phases     ] GC(5)   Post Evacuate Collection Set: 0.3ms
[2024-06-06T14:26:03.802+0600][gc,phases     ] GC(5)   Other: 0.2ms
[2024-06-06T14:26:03.802+0600][gc,heap       ] GC(5) Eden regions: 48->0(44)
[2024-06-06T14:26:03.802+0600][gc,heap       ] GC(5) Survivor regions: 3->7(7)
[2024-06-06T14:26:03.802+0600][gc,heap       ] GC(5) Old regions: 8->8
[2024-06-06T14:26:03.802+0600][gc,heap       ] GC(5) Humongous regions: 129->129
[2024-06-06T14:26:03.802+0600][gc,metaspace  ] GC(5) Metaspace: 42250K->42250K(1087488K)
[2024-06-06T14:26:03.802+0600][gc            ] GC(5) Pause Young (Normal) (G1 Evacuation Pause) 187M->143M(1024M) 3.514ms
[2024-06-06T14:26:03.802+0600][gc,cpu        ] GC(5) User=0.04s Sys=0.00s Real=0.01s
[2024-06-06T14:26:32.372+0600][gc,start      ] GC(6) Pause Young (Normal) (G1 Evacuation Pause)
[2024-06-06T14:26:32.372+0600][gc,task       ] GC(6) Using 13 workers of 13 for evacuation
[2024-06-06T14:26:32.378+0600][gc,phases     ] GC(6)   Pre Evacuate Collection Set: 0.0ms
[2024-06-06T14:26:32.378+0600][gc,phases     ] GC(6)   Evacuate Collection Set: 5.3ms
[2024-06-06T14:26:32.378+0600][gc,phases     ] GC(6)   Post Evacuate Collection Set: 0.6ms
[2024-06-06T14:26:32.378+0600][gc,phases     ] GC(6)   Other: 0.2ms
[2024-06-06T14:26:32.378+0600][gc,heap       ] GC(6) Eden regions: 44->0(48)
[2024-06-06T14:26:32.378+0600][gc,heap       ] GC(6) Survivor regions: 7->3(7)
[2024-06-06T14:26:32.378+0600][gc,heap       ] GC(6) Old regions: 8->15
[2024-06-06T14:26:32.378+0600][gc,heap       ] GC(6) Humongous regions: 135->129
[2024-06-06T14:26:32.378+0600][gc,metaspace  ] GC(6) Metaspace: 49595K->49595K(1093632K)
[2024-06-06T14:26:32.378+0600][gc            ] GC(6) Pause Young (Normal) (G1 Evacuation Pause) 193M->145M(1024M) 6.261ms
[2024-06-06T14:26:32.378+0600][gc,cpu        ] GC(6) User=0.05s Sys=0.02s Real=0.00s
